[
    {
        "question": {
            "A": " 只准右转",
            "B": " 单程车道",
            "C": " 只准左转"
        },
        "name": "题库 1 Question 1",
        "imgName": "题库 1_1.jpg",
        "questionStr": "1. 图",
        "answer": "A"
    },
    {
        "question": {
            "A": " 只准右转",
            "B": " 只准左转",
            "C": " 单程车道"
        },
        "name": "题库 1 Question 2",
        "imgName": "题库 1_2.jpg",
        "questionStr": "2. 图",
        "answer": "B"
    },
    {
        "question": {
            "A": " 所有车辆不准停车",
            "B": " 只准向前直行",
            "C": " 单程交通，可以转左或右"
        },
        "name": "题库 1 Question 3",
        "imgName": "题库 1_3.jpg",
        "questionStr": "3. 图",
        "answer": "B"
    },
    {
        "question": {
            "A": " 只准向前直行",
            "B": " 单程交通，车辆可以转左或右",
            "C": " 所有车辆不准停车"
        },
        "name": "题库 1 Question 4",
        "imgName": "题库 1_4.jpg",
        "questionStr": "4. 图",
        "answer": "B"
    },
    {
        "question": {
            "A": " 左边不准停车",
            "B": " 单程车道由此标志开始",
            "C": " 只准转左"
        },
        "name": "题库 1 Question 5",
        "imgName": "题库 1_5.jpg",
        "questionStr": "5. 图",
        "answer": "B"
    },
    {
        "question": {
            "A": " 只准右转",
            "B": " 前面转右",
            "C": " 右转弯"
        },
        "name": "题库 1 Question 6",
        "imgName": "题库 1_6.jpg",
        "questionStr": "6. 图",
        "answer": "B"
    },
    {
        "question": {
            "A": " 只准左转",
            "B": " 前面左转",
            "C": " 左转弯"
        },
        "name": "题库 1 Question 7",
        "imgName": "题库 1_7.jpg",
        "questionStr": "7. 图",
        "answer": "B"
    },
    {
        "question": {
            "A": " 靠左行驶",
            "B": " 只准转左",
            "C": " 分流交通"
        },
        "name": "题库 1 Question 8",
        "imgName": "题库 1_8.jpg",
        "questionStr": "8. 图",
        "answer": "A"
    },
    {
        "question": {
            "A": " 分流交通， 车辆可由任何一边通过",
            "B": " 分流交通， 车辆可转入任何一边",
            "C": " 双车道交通"
        },
        "name": "题库 1 Question 9",
        "imgName": "题库 1_9.jpg",
        "questionStr": "9. 图",
        "answer": "A"
    },
    {
        "question": {
            "A": " 在白线前停车，让路给左和右边的车辆",
            "B": " 在白线前后车，让路给左和右边的车辆",
            "C": " 慢行驶，若没有车便可直行"
        },
        "name": "题库 1 Question 10",
        "imgName": "题库 1_10.jpg",
        "questionStr": "10. 图",
        "answer": "A"
    },
    {
        "question": {
            "A": " 缓慢行驶，让路给大路上的车辆",
            "B": " 在标志前停车，让路给大路上的车辆",
            "C": " 大路上的车辆必须让路给小路的车辆"
        },
        "name": "题库 1 Question 11",
        "imgName": "题库 1_11.jpg",
        "questionStr": "11. 图",
        "answer": "A"
    },
    {
        "question": {
            "A": " 红灯前停车，让路给行人和右边的车辆后才可左转",
            "B": " 缓慢行驶， 让行人和右边车辆先行后才转弯",
            "C": " 即使有车辆，司机也可以在红灯是左转"
        },
        "name": "题库 1 Question 12",
        "imgName": "题库 1_12.jpg",
        "questionStr": "12. 图",
        "answer": "A"
    },
    {
        "question": {
            "A": " 任何车辆不准进入",
            "B": " 不准停放任何车辆",
            "C": " 所有车辆不准等候"
        },
        "name": "题库 1 Question 13",
        "imgName": "题库 1_13.jpg",
        "questionStr": "13. 图",
        "answer": "A"
    },
    {
        "question": {
            "A": " 不准等候",
            "B": " 不准停车",
            "C": " 不准进入"
        },
        "name": "题库 1 Question 14",
        "imgName": "题库 1_14.jpg",
        "questionStr": "14. 图",
        "answer": "B"
    },
    {
        "question": {
            "A": " 不准停车",
            "B": " 不准等候但允许乘客上下车",
            "C": " 不准进入"
        },
        "name": "题库 1 Question 15",
        "imgName": "题库 1_15.jpg",
        "questionStr": "15. 图",
        "answer": "B"
    },
    {
        "question": {
            "A": " 单程交通",
            "B": " 不准左转",
            "C": " 不准右转"
        },
        "name": "题库 1 Question 16",
        "imgName": "题库 1_16.jpg",
        "questionStr": "16. 图",
        "answer": "C"
    },
    {
        "question": {
            "A": " 不准左转",
            "B": " 不准右转",
            "C": " 单程交通"
        },
        "name": "题库 1 Question 17",
        "imgName": "题库 1_17.jpg",
        "questionStr": "17. 图",
        "answer": "A"
    },
    {
        "question": {
            "A": " 车辆宽度超过2.3米不准进入",
            "B": " 车辆高度少过2.3米不准进入",
            "C": " 车辆宽度超过2.3米可进入 "
        },
        "name": "题库 1 Question 18",
        "imgName": "题库 1_18.jpg",
        "questionStr": "18. 图",
        "answer": "A"
    },
    {
        "question": {
            "A": " 车身与货物的总高度超过4.5米不准进入",
            "B": " 车身与货物的总高度超过4.5米准进入",
            "C": " 车身高度少过4.5米不准进入"
        },
        "name": "题库 1 Question 19",
        "imgName": "题库 1_19.jpg",
        "questionStr": "19. 图",
        "answer": "A"
    },
    {
        "question": {
            "A": " 载货车辆的速度可以超过每小时50公里",
            "B": " 车辆的速度可以超过每小时50公里",
            "C": " 所有车辆不可超过每小时50公里"
        },
        "name": "题库 1 Question 20",
        "imgName": "题库 1_20.jpg",
        "questionStr": "20. 图",
        "answer": "C"
    },
    {
        "question": {
            "A": " 车身与货物总重量不超过10吨可通过",
            "B": " 车身与货物总重量超过10吨可通过",
            "C": " 车身不载货物总重量不超过10吨可通过"
        },
        "name": "题库 1 Question 21",
        "imgName": "题库 1_21.jpg",
        "questionStr": "21. 图",
        "answer": "A"
    },
    {
        "question": {
            "A": " 车速不可超过每小时70公里",
            "B": " 车速可以超过每小时70 公里",
            "C": " 车速必须超过每小时70公里"
        },
        "name": "题库 1 Question 22",
        "imgName": "题库 1_22.jpg",
        "questionStr": "22. 图",
        "answer": "A"
    },
    {
        "question": {
            "A": " 不准鸣响车笛除非为了避免车祸",
            "B": " 车祸发生时也不准鸣响车笛",
            "C": " 晚上不准鸣响车笛"
        },
        "name": "题库 1 Question 23",
        "imgName": "题库 1_23.jpg",
        "questionStr": "23. 图",
        "answer": "A"
    },
    {
        "question": {
            "A": " 任何车辆都不准停车",
            "B": " 不准超越其他车辆",
            "C": " 任何车辆都不准通过"
        },
        "name": "题库 1 Question 24",
        "imgName": "题库 1_24.jpg",
        "questionStr": "24. 图",
        "answer": "B"
    },
    {
        "question": {
            "A": " 不准停放罗里",
            "B": " 罗里不准通过",
            "C": " 罗里停泊处"
        },
        "name": "题库 1 Question 25",
        "imgName": "题库 1_25.jpg",
        "questionStr": "25. 图",
        "answer": "B"
    },
    {
        "question": {
            "A": " 不准停放电单车",
            "B": " 电单车和脚踏车不准驶入",
            "C": " 电单车停放处"
        },
        "name": "题库 1 Question 26",
        "imgName": "题库 1_26.jpg",
        "questionStr": "26. 图",
        "answer": "B"
    },
    {
        "question": {
            "A": " 电单车不准进入",
            "B": " 不准停放电单车和脚踏车",
            "C": " 电单车与脚踏车停放处"
        },
        "name": "题库 1 Question 27",
        "imgName": "题库 1_27.jpg",
        "questionStr": "27. 图",
        "answer": "A"
    },
    {
        "question": {
            "A": " 右弯路，靠左慢行驶，不可超车，U-转与停车",
            "B": " 左弯路，靠左慢行驶，不可超车，U-转与停车",
            "C": " 前方右转，车辆可以 U 转"
        },
        "name": "题库 1 Question 28",
        "imgName": "题库 1_28.jpg",
        "questionStr": "28. 图",
        "answer": "A"
    },
    {
        "question": {
            "A": " 左弯路，靠左慢行驶，不可超车，U-转与停车",
            "B": " 右弯路，靠左慢行驶，不可超车，U-转与停车",
            "C": " 前方右转，车辆可以 U 转"
        },
        "name": "题库 1 Question 29",
        "imgName": "题库 1_29.jpg",
        "questionStr": "29. 图",
        "answer": "A"
    },
    {
        "question": {
            "A": " 连串弯路，靠左慢行，不可超车，'U' - 转或停车",
            "B": " 车祸地带",
            "C": " 右方道路不通车"
        },
        "name": "题库 1 Question 30",
        "imgName": "题库 1_30.jpg",
        "questionStr": "30. 图",
        "answer": "A"
    },
    {
        "question": {
            "A": " 十字路口，慢行，注意驶向路口的车辆",
            "B": " 道路不通",
            "C": " 易发生车祸地带"
        },
        "name": "题库 1 Question 31",
        "imgName": "题库 1_31.jpg",
        "questionStr": "31. 图",
        "answer": "A"
    },
    {
        "question": {
            "A": " 道路不通",
            "B": " 慢行，留心 U-转车辆",
            "C": " T-行路口，慢行，让路给左右车辆先行"
        },
        "name": "题库 1 Question 32",
        "imgName": "题库 1_32.jpg",
        "questionStr": "32. 图",
        "answer": "C"
    },
    {
        "question": {
            "A": " 慢行，留心右边的车辆",
            "B": " 道路不通",
            "C": " 让右边的车辆先行"
        },
        "name": "题库 1 Question 33",
        "imgName": "题库 1_33.jpg",
        "questionStr": "33. 图",
        "answer": "A"
    },
    {
        "question": {
            "A": " 道路不通",
            "B": " 慢行，留心左边的车辆",
            "C": " 让左边的车辆先行"
        },
        "name": "题库 1 Question 34",
        "imgName": "题库 1_34.jpg",
        "questionStr": "34. 图",
        "answer": "B"
    },
    {
        "question": {
            "A": " Y 形路口，慢行，留心左和右边的车辆",
            "B": " 道路不通",
            "C": " 前方路段改道"
        },
        "name": "题库 1 Question 35",
        "imgName": "题库 1_35.jpg",
        "questionStr": "35. 图",
        "answer": "A"
    },
    {
        "question": {
            "A": " Y 形路口，慢行，留心自右边的车辆",
            "B": " 只准向右边转入",
            "C": " 道路不通"
        },
        "name": "题库 1 Question 36",
        "imgName": "题库 1_36.jpg",
        "questionStr": "36. 图",
        "answer": "A"
    },
    {
        "question": {
            "A": " Y 形路口，慢行，留心自左边的车辆",
            "B": " 道路不通",
            "C": " 只准向左边转入"
        },
        "name": "题库 1 Question 37",
        "imgName": "题库 1_37.jpg",
        "questionStr": "37. 图",
        "answer": "A"
    },
    {
        "question": {
            "A": " 汇合交通，慢行，留心来自左边的车辆",
            "B": " Y 形路口，只准转入左边",
            "C": " 道路不通"
        },
        "name": "题库 1 Question 38",
        "imgName": "题库 1_38.jpg",
        "questionStr": "38. 图",
        "answer": "A"
    },
    {
        "question": {
            "A": " 慢行，留心左右两边的车辆",
            "B": " 慢行，让路给左右两边的车辆",
            "C": " 慢行，车子只能转向左或右边"
        },
        "name": "题库 1 Question 39",
        "imgName": "题库 1_39.jpg",
        "questionStr": "39. 图",
        "answer": "A"
    },
    {
        "question": {
            "A": " 双程交通，慢行，靠左并留意驶来的车辆",
            "B": " 慢行，车道汇合",
            "C": " 道路加宽"
        },
        "name": "题库 1 Question 40",
        "imgName": "题库 1_40.jpg",
        "questionStr": "40. 图",
        "answer": "A"
    }
]
