[
    {
        "question": {
            "A": " 3米",
            "B": " 6米",
            "C": " 7米"
        },
        "name": "题库 7 Question 1",
        "imgName": "",
        "questionStr": "1. 你不可将汽车停放在消防栓两边各为____的范围内",
        "answer": "A"
    },
    {
        "question": {
            "A": " 路面滑溜",
            "B": " 前面的车辆正向右转",
            "C": " 交通阻塞"
        },
        "name": "题库 7 Question 2",
        "imgName": "",
        "questionStr": "2. 你可以从左边超越前面的车辆，当_____",
        "answer": "B"
    },
    {
        "question": {
            "A": " 慢速不要超越它",
            "B": " 保持车速",
            "C": " 加快车速，快速超远它"
        },
        "name": "题库 7 Question 3",
        "imgName": "",
        "questionStr": "3. 被超越的车辆突然加速前进，你该",
        "answer": "A"
    },
    {
        "question": {
            "A": " 现在车外观察安全状况",
            "B": " 观察所有的镜子",
            "C": " 在大路上的车辆有优先行驶"
        },
        "name": "题库 7 Question 4",
        "imgName": "",
        "questionStr": "4. 从大路倒退进入小路时，你应该",
        "answer": "A"
    },
    {
        "question": {
            "A": " 下雨时",
            "B": " 交通拥挤时",
            "C": " 车辆稀少没有迎面而来的车辆"
        },
        "name": "题库 7 Question 5",
        "imgName": "",
        "questionStr": "5. 什么情况下开车头大灯？",
        "answer": "C"
    },
    {
        "question": {
            "A": " 按响车笛",
            "B": " 向前移动",
            "C": " 礼让驾驶"
        },
        "name": "题库 7 Question 6",
        "imgName": "",
        "questionStr": "6. 当交通灯正在显现红人时，行人仍然在过道路你应该 ",
        "answer": "C"
    },
    {
        "question": {
            "A": " 轮胎的花纹全磨损",
            "B": " 轮胎的花纹染度少过1.6mm",
            "C": " 轮胎爆胎"
        },
        "name": "题库 7 Question 7",
        "imgName": "",
        "questionStr": "7. 当你在什么情况下决定更换轮胎？",
        "answer": "B"
    },
    {
        "question": {
            "A": " 等候水消退",
            "B": "  慢慢行驶",
            "C": " 选择其他的道路"
        },
        "name": "题库 7 Question 8",
        "imgName": "",
        "questionStr": "8. 驶近淹水的积区， 你应该",
        "answer": "C"
    },
    {
        "question": {
            "A": " 减慢速度",
            "B": " 保持速度",
            "C": " 增加速度"
        },
        "name": "题库 7 Question 9",
        "imgName": "",
        "questionStr": "9. 当驾驶时前方有小孩子，你必须______.",
        "answer": "A"
    },
    {
        "question": {
            "A": " 你完全不能驾驶那辆车",
            "B": " 晚上不能驾驶那辆车",
            "C": " 要用手拉制动器"
        },
        "name": "题库 7 Question 10",
        "imgName": "",
        "questionStr": "10. 当你踩踏刹车器而刹车器的灯泡不亮",
        "answer": "A"
    },
    {
        "question": {
            "A": " 应该放慢速度",
            "B": " 保持均衡速度",
            "C": " 应该加速"
        },
        "name": "题库 7 Question 11",
        "imgName": "",
        "questionStr": "11. 行驶过一些油渍的地方",
        "answer": "A"
    },
    {
        "question": {
            "A": " 1.3米",
            "B": " 1.6米",
            "C": " 1.5米或一下"
        },
        "name": "题库 7 Question 12",
        "imgName": "",
        "questionStr": "12. 一些搭客在多少高度时，不须要绑上安全带",
        "answer": "C"
    },
    {
        "question": {
            "A": " 所有的车辆速度",
            "B": " 慢速的车辆",
            "C": " 快速的车辆"
        },
        "name": "题库 7 Question 13",
        "imgName": "",
        "questionStr": "13. 两秒钟规则适用在",
        "answer": "A"
    },
    {
        "question": {
            "A": " 顺时钟方向行驶",
            "B": " 反时钟方向行驶",
            "C": " 倒退行驶"
        },
        "name": "题库 7 Question 14",
        "imgName": "",
        "questionStr": "14. 交通车的行驶规则",
        "answer": "A"
    },
    {
        "question": {
            "A": " 在两旁侧镜的范围",
            "B": " 在望后镜的范围",
            "C": " a与b"
        },
        "name": "题库 7 Question 15",
        "imgName": "",
        "questionStr": "15. 盲点是指_____所看不到的地方",
        "answer": "C"
    },
    {
        "question": {
            "A": " 礼让驾驶",
            "B": " 按响车笛",
            "C": " 遵守驾驶法则"
        },
        "name": "题库 7 Question 16",
        "imgName": "",
        "questionStr": "16. 行驶靠近行人时，司机应该",
        "answer": "A"
    },
    {
        "question": {
            "A": " 走左边",
            "B": " 从右边",
            "C": " 任何方向"
        },
        "name": "题库 7 Question 17",
        "imgName": "",
        "questionStr": "17. 如果超越车辆应该",
        "answer": "B"
    },
    {
        "question": {
            "A": " 转头看到的肩膀的地方",
            "B": " 检查你的侧镜",
            "C": " 转向身体观看左与右边"
        },
        "name": "题库 7 Question 18",
        "imgName": "",
        "questionStr": "18. 你要检查盲点",
        "answer": "A"
    },
    {
        "question": {
            "A": " 慢慢行驶",
            "B": " 保持车速",
            "C": " 加速行驶"
        },
        "name": "题库 7 Question 19",
        "imgName": "",
        "questionStr": "19. 前面白色道路线条",
        "answer": "A"
    },
    {
        "question": {
            "A": " 在车辆间挤来挤去",
            "B": " 挤入快速的车道",
            "C": " 耐心等待驾驶前进"
        },
        "name": "题库 7 Question 20",
        "imgName": "",
        "questionStr": "20. 交通拥挤时应该",
        "answer": "C"
    },
    {
        "question": {
            "A": " 随时摇摆不定",
            "B": " 快速时摇摆不定",
            "C": " 路面凹凸时摇摆不定"
        },
        "name": "题库 7 Question 21",
        "imgName": "",
        "questionStr": "21. 松懈的方向盘会导致汽车",
        "answer": "A"
    },
    {
        "question": {
            "A": " 手机",
            "B": " 读手机简讯",
            "C": " a和b"
        },
        "name": "题库 7 Question 22",
        "imgName": "",
        "questionStr": "22. 驾驶汽车时不准用",
        "answer": "C"
    },
    {
        "question": {
            "A": " 会减弱车外的视线",
            "B": " 消耗电池",
            "C": " 会让其他公路使用者产生混乱"
        },
        "name": "题库 7 Question 23",
        "imgName": "",
        "questionStr": "23. 驾驶时，你不可以开亮车内的灯光",
        "answer": "A"
    },
    {
        "question": {
            "A": " 拖车车头",
            "B": " 流动吊秤车",
            "C": " 运输车"
        },
        "name": "题库 7 Question 24",
        "imgName": "",
        "questionStr": "24. 什么车辆是不允许在快速公路行驶",
        "answer": "B"
    },
    {
        "question": {
            "A": " 3秒",
            "B": " 15秒",
            "C": " 5-10秒"
        },
        "name": "题库 7 Question 25",
        "imgName": "",
        "questionStr": "25. 驾驶时，你必须每_____观察镜子一次。",
        "answer": "C"
    },
    {
        "question": {
            "A": " 减慢速度",
            "B": " 增加速度",
            "C": " 保持速度"
        },
        "name": "题库 7 Question 26",
        "imgName": "",
        "questionStr": "26. 当你被另外一辆车超越时，你应该_____.",
        "answer": "A"
    },
    {
        "question": {
            "A": " 将引擎开着",
            "B": " 确保引擎以经冷却",
            "C": " 开亮车头灯"
        },
        "name": "题库 7 Question 27",
        "imgName": "",
        "questionStr": "27. 要打开散热器的封盖检查冷却液时需要",
        "answer": "B"
    },
    {
        "question": {
            "A": " 慢速行驶光柱小心行人越过马路",
            "B": " 加速行驶",
            "C": " 马上停车"
        },
        "name": "题库 7 Question 28",
        "imgName": "",
        "questionStr": "28. 缓慢行驶经过巴士车时，必须",
        "answer": "A"
    },
    {
        "question": {
            "A": " 前面",
            "B": " 后面",
            "C": " 旁边"
        },
        "name": "题库 7 Question 29",
        "imgName": "",
        "questionStr": "29. 当你要做'U'转时必须在‘U'转讯号牌的",
        "answer": "B"
    },
    {
        "question": {
            "A": " 行人在路边行走",
            "B": " 小孩在路边玩耍",
            "C": " 小孩站在路旁"
        },
        "name": "题库 7 Question 30",
        "imgName": "",
        "questionStr": "30. 以下哪一项会构成危险",
        "answer": "B"
    },
    {
        "question": {
            "A": " 可以用手机",
            "B": " 不可以用手机",
            "C": " 不可以用耳机"
        },
        "name": "题库 7 Question 31",
        "imgName": "",
        "questionStr": "31. 在交通路口停车时，你",
        "answer": "B"
    },
    {
        "question": {
            "A": " 脚踏车可能会切入你的车道",
            "B": " 马路太狭小",
            "C": " 交通拥挤"
        },
        "name": "题库 7 Question 32",
        "imgName": "",
        "questionStr": "32. 当你驾驶经过脚踏车要离开远一点，因为",
        "answer": "A"
    },
    {
        "question": {
            "A": " 因为符合了90km/h速度限制标准",
            "B": " 没有任何车辆可以超越我",
            "C": " 除非要超车"
        },
        "name": "题库 7 Question 33",
        "imgName": "",
        "questionStr": "33. 当你在快速公路以90km/h 在最右边车道行驶",
        "answer": "C"
    },
    {
        "question": {
            "A": " 调换排挡",
            "B": " 接手机电话",
            "C": " 更换车道"
        },
        "name": "题库 7 Question 34",
        "imgName": "",
        "questionStr": "34. 你应该双手握着驾驶盘十点十分处，除了要",
        "answer": "A"
    },
    {
        "question": {
            "A": " 8岁以下",
            "B": " 5岁以下",
            "C": " 3岁以下"
        },
        "name": "题库 7 Question 35",
        "imgName": "",
        "questionStr": "35. 儿童在_____， 车上就必须装上儿童安全带",
        "answer": "A"
    },
    {
        "question": {
            "A": " P",
            "B": " R",
            "C": " D"
        },
        "name": "题库 7 Question 36",
        "imgName": "",
        "questionStr": "36. 若要开动自动排挡汽车的引擎，先将变速排挡杠调入",
        "answer": "A"
    },
    {
        "question": {
            "A": " 不可右转",
            "B": " 往任何方向行驶的车辆都需要停车",
            "C": " 可以转右"
        },
        "name": "题库 7 Question 37",
        "imgName": "题库 7_37.jpg",
        "questionStr": "37. 图，红色箭头交通灯亮着时",
        "answer": "A"
    },
    {
        "question": {
            "A": " 增加速度",
            "B": " 按响车笛",
            "C": " 减慢车速"
        },
        "name": "题库 7 Question 38",
        "imgName": "",
        "questionStr": "38. 若驶经学校地区，你应该",
        "answer": "C"
    },
    {
        "question": {
            "A": " 罚款",
            "B": " 控上法庭",
            "C": " 吊销驾照"
        },
        "name": "题库 7 Question 39",
        "imgName": "",
        "questionStr": "39. 过关卡时，如果被发现油箱的油少过3/4， 你将会被",
        "answer": "A"
    },
    {
        "question": {
            "A": " 靠左",
            "B": " 靠右",
            "C": " 倒退"
        },
        "name": "题库 7 Question 40",
        "imgName": "",
        "questionStr": "40. 拖车车头必须先，______才能'U' 转或右转",
        "answer": "A"
    }
]
