[
    {
        "question": {
            "A": " 任何时间不准停车",
            "B": " 早上7am至傍晚7pm不准停车",
            "C": " 让乘客下车"
        },
        "name": "题库 5 Question 1",
        "imgName": "",
        "questionStr": "1. 锯齿形黄线表示",
        "answer": "A"
    },
    {
        "question": {
            "A": " 前方准备转右",
            "B": " 现在可以转右",
            "C": " 停下车子才可以转右"
        },
        "name": "题库 5 Question 2",
        "imgName": "题库 5_2.jpg",
        "questionStr": "2. 图",
        "answer": "A"
    },
    {
        "question": {
            "A": " 继续行驶因为你有优先权",
            "B": " 放慢行驶如有需要可停车让路给右边的车辆",
            "C": " 只有在交通灯转绿才可行驶"
        },
        "name": "题库 5 Question 3",
        "imgName": "题库 5_3.jpg",
        "questionStr": "3. 图",
        "answer": "B"
    },
    {
        "question": {
            "A": " 不准等（不允许乘客上下车）",
            "B": " 在某些事件内可以等候",
            "C": " 不准等候，淡车子可以让乘客额上下车"
        },
        "name": "题库 5 Question 4",
        "imgName": "题库 5_4.jpg",
        "questionStr": "4. 图",
        "answer": "C"
    },
    {
        "question": {
            "A": " 当你驶向医院时，放慢行驶",
            "B": " 当你驶向T字路口时，放慢行驶",
            "C": " 放慢行驶留心交叉路口的车辆"
        },
        "name": "题库 5 Question 5",
        "imgName": "题库 5_5.jpg",
        "questionStr": "5. 图",
        "answer": "C"
    },
    {
        "question": {
            "A": " 留心从大路而来的车辆",
            "B": " 放慢行驶小心从左边驶过来的车辆",
            "C": " 放慢行驶，如有需要，停车让路给左边的车辆"
        },
        "name": "题库 5 Question 6",
        "imgName": "题库 5_6.jpg",
        "questionStr": "6. 图",
        "answer": "B"
    },
    {
        "question": {
            "A": " 道路汇合，若有需要应该停车",
            "B": " 双车道终止，靠左慢行，留心阴面驶来的车辆",
            "C": " 车道汇合，车辆需按交替顺序驶入"
        },
        "name": "题库 5 Question 7",
        "imgName": "题库 5_7.jpg",
        "questionStr": "7. 图",
        "answer": "B"
    },
    {
        "question": {
            "A": " 车道汇合，留心从右边或左边汇合的车辆",
            "B": " 车道变狭小，慢速行驶过去",
            "C": " 加快车速一边安全行驶过去"
        },
        "name": "题库 5 Question 8",
        "imgName": "题库 5_8.jpg",
        "questionStr": "8. 图",
        "answer": "A"
    },
    {
        "question": {
            "A": " 上陡峭斜坡，调至低排挡，不可越车，U转或停泊车辆",
            "B": " 上陡峭斜坡，调至高排挡与快速驶过",
            "C": " 留心从斜坡滑下的车辆"
        },
        "name": "题库 5 Question 9",
        "imgName": "题库 5_9.jpg",
        "questionStr": "9. 图",
        "answer": "A"
    },
    {
        "question": {
            "A": " 前方有障碍物，马上U转",
            "B": " 前方有障碍物，放慢行驶过去",
            "C": " 路面不平坦，靠左慢行不可越车"
        },
        "name": "题库 5 Question 10",
        "imgName": "题库 5_10.jpg",
        "questionStr": "10. 图",
        "answer": "C"
    },
    {
        "question": {
            "A": " 快速公路终点，以同样速度继续行驶",
            "B": " 快速公路终点，快速行驶以免造成阻塞",
            "C": " 快速公路终点，放慢行驶遵守道路的时速限制"
        },
        "name": "题库 5 Question 11",
        "imgName": "题库 5_11.jpg",
        "questionStr": "11. 图",
        "answer": "C"
    },
    {
        "question": {
            "A": " 所有车辆的避雨处",
            "B": " 电单车骑士的避雨处",
            "C": " 小型车辆的避雨处"
        },
        "name": "题库 5 Question 12",
        "imgName": "题库 5_12.jpg",
        "questionStr": "12. 图",
        "answer": "B"
    },
    {
        "question": {
            "A": " 放慢行驶，停车并让路给年长者",
            "B": " 放慢行驶，停车并让路给盲人越过马路",
            "C": " 道路通畅时快速行驶"
        },
        "name": "题库 5 Question 13",
        "imgName": "题库 5_13.jpg",
        "questionStr": "13. 图",
        "answer": "B"
    },
    {
        "question": {
            "A": " 所有车辆停泊在此将被拖走",
            "B": " 车辆在1600cc以下停泊在此将被拖走",
            "C": " 只有罗里与重型车辆停泊在此将被拖走"
        },
        "name": "题库 5 Question 14",
        "imgName": "题库 5_14.jpg",
        "questionStr": "14. 图",
        "answer": "A"
    },
    {
        "question": {
            "A": " 前面红花油障碍物，放慢行驶",
            "B": " 前方有隧道",
            "C": " 前面是快速公路"
        },
        "name": "题库 5 Question 15",
        "imgName": "题库 5_15.jpg",
        "questionStr": "15. 图",
        "answer": "B"
    },
    {
        "question": {
            "A": " 车辆载有易爆性物体，不可靠近",
            "B": " 危险地带，不可进入",
            "C": " 车辆载有易燃危险物体不准进入隧道"
        },
        "name": "题库 5 Question 16",
        "imgName": "题库 5_16.jpg",
        "questionStr": "16. 图",
        "answer": "C"
    },
    {
        "question": {
            "A": " 闪动橙色叉号，车道关闭，不可进入",
            "B": " 闪动橙色叉号，前方或有障碍物，所有车辆必须放慢行驶",
            "C": " 闪动橙色叉号司机应照常行驶"
        },
        "name": "题库 5 Question 17",
        "imgName": "题库 5_17.jpg",
        "questionStr": "17. 图",
        "answer": "B"
    },
    {
        "question": {
            "A": " 车辆A驶近此线必须让路给大路驶来的车辆先行",
            "B": " 车辆A驶近此线可直行而过因为他有优先行驶权",
            "C": " 从大路驶来的车辆必须让路驶近白线的车辆"
        },
        "name": "题库 5 Question 18",
        "imgName": "题库 5_18.jpg",
        "questionStr": "18. 图，平行间断双白线是",
        "answer": "A"
    },
    {
        "question": {
            "A": " 转弯的车辆不需要让路给行人越过马路",
            "B": " 当绿色讯号亮着车辆需要在指定行人过道上让路给行人",
            "C": " 车辆先停车然后在行驶"
        },
        "name": "题库 5 Question 19",
        "imgName": "",
        "questionStr": "19. 平行双白线在十字路口的作用是",
        "answer": "B"
    },
    {
        "question": {
            "A": " 任何时间路旁都不准停车",
            "B": " 当路旁没有其他车辆时可以允许停泊车",
            "C": " 从早上7am至傍晚7pm不准停车，星期天及公共假日例外"
        },
        "name": "题库 5 Question 20",
        "imgName": "",
        "questionStr": "20. 在路旁的连续单黄线的作用是",
        "answer": "C"
    },
    {
        "question": {
            "A": " 任何时间都不准停泊车辆，让乘客上下车除外",
            "B": " 除了早上7am至傍晚7点，任何时间都可泊车",
            "C": " 路上没有车辆时才可泊车"
        },
        "name": "题库 5 Question 21",
        "imgName": "",
        "questionStr": "21. 锯齿形单黄线表示",
        "answer": "A"
    },
    {
        "question": {
            "A": " 任何时间都不准泊车，让乘客立即上下车除外",
            "B": " 任何时间不准在划线的路旁停车",
            "C": " 从早上7点到傍晚7点除外，都可以泊车"
        },
        "name": "题库 5 Question 22",
        "imgName": "",
        "questionStr": "22. 锯齿形双黄线表示",
        "answer": "B"
    },
    {
        "question": {
            "A": " 引导车辆的川形",
            "B": " 控制车辆的流量",
            "C": " 让准备被拖走的抛锚车辆停泊"
        },
        "name": "题库 5 Question 23",
        "imgName": "题库 5_23.jpg",
        "questionStr": "23. 图，路面斜形条纹的作用是",
        "answer": "A"
    },
    {
        "question": {
            "A": " 道路即将终止，马上U转回去",
            "B": " 预先通知前方有行人过道，车辆在此范围不准超车，等候或停泊车辆",
            "C": " 道路不平坦，司机驾驶时要小心"
        },
        "name": "题库 5 Question 24",
        "imgName": "题库 5_24.jpg",
        "questionStr": "24. 图，路旁锯齿形的白线的作用是",
        "answer": "B"
    },
    {
        "question": {
            "A": " 车辆可以继续直行，右转的车辆准备停车",
            "B": " 车辆可以继续直行，右转的车辆加速行驶",
            "C": " 车辆可以继续直行，右转的车辆马上停车"
        },
        "name": "题库 5 Question 25",
        "imgName": "题库 5_25.jpg",
        "questionStr": "25. 图",
        "answer": "A"
    },
    {
        "question": {
            "A": " 所有驶来的车辆必须停止",
            "B": " 从右边驶来的车辆必须停止",
            "C": " 从前面，后面与右边驶来的车辆必须停止"
        },
        "name": "题库 5 Question 26",
        "imgName": "题库 5_26.jpg",
        "questionStr": "26. 图",
        "answer": "C"
    },
    {
        "question": {
            "A": " 司机有心移向路边",
            "B": " 司机有心放慢车速",
            "C": " 司机有心转向左边"
        },
        "name": "题库 5 Question 27",
        "imgName": "题库 5_27.jpg",
        "questionStr": "27. 图",
        "answer": "B"
    },
    {
        "question": {
            "A": " 当你不能从右边超车",
            "B": " 当前方的司机出示右转的讯号灯时",
            "C": " 当公路上车辆稀少时"
        },
        "name": "题库 5 Question 28",
        "imgName": "",
        "questionStr": "28. 在什么时候可以从左边超车？",
        "answer": "B"
    },
    {
        "question": {
            "A": " 3",
            "B": " 6",
            "C": " 9"
        },
        "name": "题库 5 Question 29",
        "imgName": "",
        "questionStr": "29. 车辆不准停泊在交叉路口_____米之内",
        "answer": "B"
    },
    {
        "question": {
            "A": " 停车并拉手制动器",
            "B": " 用4号排挡加速",
            "C": " 减慢速度"
        },
        "name": "题库 5 Question 30",
        "imgName": "",
        "questionStr": "30. 靠近交通灯时，你应该",
        "answer": "C"
    },
    {
        "question": {
            "A": " 1.6",
            "B": " 1.5",
            "C": " 1.4"
        },
        "name": "题库 5 Question 31",
        "imgName": "",
        "questionStr": "31. 在新加坡汽车乘客高度少过_____米必须绑上安全带",
        "answer": "B"
    },
    {
        "question": {
            "A": " 傍晚7pm至早上7am",
            "B": " 早上7am至傍晚7pm",
            "C": " 傍晚6pm至早上6am"
        },
        "name": "题库 5 Question 32",
        "imgName": "",
        "questionStr": "32. 在新加坡司机需亮起车头灯从",
        "answer": "A"
    },
    {
        "question": {
            "A": " 7",
            "B": " 10",
            "C": " 5"
        },
        "name": "题库 5 Question 33",
        "imgName": "",
        "questionStr": "33. 孩童在___岁以下需要安置儿童坐垫",
        "answer": "B"
    },
    {
        "question": {
            "A": " 让其他司机更清楚地看到你",
            "B": " 根据新加坡的法律需要",
            "C": " 因为只有这样才能驶快车"
        },
        "name": "题库 5 Question 34",
        "imgName": "",
        "questionStr": "34. 在倾盆大雨时亮起车头灯是",
        "answer": "A"
    },
    {
        "question": {
            "A": " 快速公路上",
            "B": " 任何的车速",
            "C": " 只用在开快车时"
        },
        "name": "题库 5 Question 35",
        "imgName": "",
        "questionStr": "35. “两秒钟”的准则是用在",
        "answer": "B"
    },
    {
        "question": {
            "A": " A",
            "B": " B",
            "C": " C"
        },
        "name": "题库 5 Question 36",
        "imgName": "题库 5_36.jpg",
        "questionStr": "36. 图，哪一辆车有优先行使权",
        "answer": "B"
    },
    {
        "question": {
            "A": " 车头大灯会照射到前方的司机将导致交通意外",
            "B": " 车头大灯会反射到自己",
            "C": " 车头大灯会浪费电力"
        },
        "name": "题库 5 Question 37",
        "imgName": "",
        "questionStr": "37. 当你行驶在其他车辆后面时应调低车头灯是因为",
        "answer": "A"
    },
    {
        "question": {
            "A": " 当你只引用少量酒精",
            "B": " 在你引用酒精后继续行驶",
            "C": " 当你没有引用酒精"
        },
        "name": "题库 5 Question 38",
        "imgName": "",
        "questionStr": "38. 你可以驾驶车子",
        "answer": "C"
    },
    {
        "question": {
            "A": " 在车里马上回电",
            "B": " 驾驶到路肩上回电",
            "C": " 继续行驶到较安全的地方如小路，停车路旁才回电"
        },
        "name": "题库 5 Question 39",
        "imgName": "",
        "questionStr": "39. 在快速公路上当你的手机响了而没有耳机设备，你应该",
        "answer": "C"
    },
    {
        "question": {
            "A": " 你不能驾驶因为会违反法律",
            "B": " 你可以驾驶因为有一个星期让你更换驾驶执照",
            "C": " 你可以驾驶因为你是合格的驾驶员"
        },
        "name": "题库 5 Question 40",
        "imgName": "",
        "questionStr": "40. 当你的驾驶执照过期一天时",
        "answer": "A"
    }
]
