[
    {
        "question": {
            "A": " 双程交通，慢行，靠左并留意驶来的车辆",
            "B": " 慢行，车道汇合",
            "C": " 道路加宽"
        },
        "name": "题库 2 Question 1",
        "imgName": "题库 2_1.jpg",
        "answer": "A"
    },
    {
        "question": {
            "A": " 慢行，不可超车，U转或停车",
            "B": " 高度限制",
            "C": " 车道汇合"
        },
        "name": "题库 2 Question 2",
        "imgName": "题库 2_2.jpg",
        "answer": "A"
    },
    {
        "question": {
            "A": " 不可超车，U转或停车",
            "B": " 快速公路终点",
            "C": " 前方有隧道"
        },
        "name": "题库 2 Question 3",
        "imgName": "题库 2_3.jpg",
        "answer": "A"
    },
    {
        "question": {
            "A": " 慢行留意从右边或左边汇合的车辆",
            "B": " 左边车道狭窄",
            "C": " 交叉路口，交通拥挤"
        },
        "name": "题库 2 Question 4",
        "imgName": "题库 2_4.jpg",
        "answer": "A"
    },
    {
        "question": {
            "A": " 双车道终止， 靠左慢行留意来自前方的车辆",
            "B": " 快速公路终点",
            "C": " 前方有隧道"
        },
        "name": "题库 2 Question 5",
        "imgName": "题库 2_5.jpg",
        "answer": "A"
    },
    {
        "question": {
            "A": " 慢行，让路给来自右边交通圈内的车",
            "B": " 慢行，交通圈内的车辆必须让路给其他车辆",
            "C": " 鸣响车笛后才驶入交通圈"
        },
        "name": "题库 2 Question 6",
        "imgName": "题库 2_6.jpg",
        "answer": "A"
    },
    {
        "question": {
            "A": " 停车让行人过马路",
            "B": " 慢行在行人旁边驶过",
            "C": " 加快速度避开行人越过马路"
        },
        "name": "题库 2 Question 7",
        "imgName": "题库 2_7.jpg",
        "answer": "A"
    },
    {
        "question": {
            "A": " 快速公路起点",
            "B": " 前方有隧道",
            "C": " 地下行人道"
        },
        "name": "题库 2 Question 8",
        "imgName": "题库 2_8.jpg",
        "answer": "A"
    },
    {
        "question": {
            "A": " 车辆抛锚标志，应放车后20米处",
            "B": " 不准进入标志",
            "C": " 修路标志"
        },
        "name": "题库 2 Question 9",
        "imgName": "题库 2_9.jpg",
        "answer": "A"
    },
    {
        "question": {
            "A": " 前方车祸地带，慢行，小心驾驶。",
            "B": " 前方有坟场，慢行。",
            "C": " 车辆抛锚。"
        },
        "name": "题库 2 Question 10",
        "imgName": "题库 2_10.jpg",
        "answer": "A"
    },
    {
        "question": {
            "A": " 前方修路工程，慢行小心驾驶，不可超车或停泊车。",
            "B": " 前方车祸地带。",
            "C": " 车辆抛锚。"
        },
        "name": "题库 2 Question 11",
        "imgName": "题库 2_11.jpg",
        "answer": "A"
    },
    {
        "question": {
            "A": " 前方路面滑溜，慢行小心行驶。",
            "B": " 前方双车道",
            "C": " 前方道路弯曲。"
        },
        "name": "题库 2 Question 12",
        "imgName": "题库 2_12.jpg",
        "answer": "A"
    },
    {
        "question": {
            "A": " 路面不平坦，靠左慢行 ，不可越车。",
            "B": " 前方有路隆。",
            "C": " 前方有修路工程。"
        },
        "name": "题库 2 Question 13",
        "imgName": "题库 2_13.jpg",
        "answer": "A"
    },
    {
        "question": {
            "A": " 前方有路隆靠左慢行不可超车。",
            "B": " 前方有修路工程。",
            "C": " 道路不平坦，靠左慢行不可超车。"
        },
        "name": "题库 2 Question 14",
        "imgName": "题库 2_14.jpg",
        "answer": "A"
    },
    {
        "question": {
            "A": " 上斜坡，靠左用低速排挡不可超车，'U'转弯与泊车。",
            "B": " 上斜坡，用高速排挡加速行驶。",
            "C": " 上斜坡，用高速排挡慢速行驶。"
        },
        "name": "题库 2 Question 15",
        "imgName": "题库 2_15.jpg",
        "answer": "A"
    },
    {
        "question": {
            "A": " 下斜坡，靠左以低速排挡行驶，不可超车，'U'转与泊车。",
            "B": " 下斜坡以高速排挡加速行驶。",
            "C": " 下斜坡，用高速排挡慢速行驶。"
        },
        "name": "题库 2 Question 16",
        "imgName": "题库 2_16.jpg",
        "answer": "A"
    },
    {
        "question": {
            "A": " 栅门关闭，留心火车经过。",
            "B": " 马匹栅门关闭。",
            "C": " 车辆停车或‘U'转。"
        },
        "name": "题库 2 Question 17",
        "imgName": "题库 2_17.jpg",
        "answer": "A"
    },
    {
        "question": {
            "A": " 无栅门铁路与公路交叉路口，注意火车经过。",
            "B": " 火车站。",
            "C": " 火车抛锚。"
        },
        "name": "题库 2 Question 18",
        "imgName": "题库 2_18.jpg",
        "answer": "A"
    },
    {
        "question": {
            "A": " 学校地带，若无学生越过马路，放慢行驶。",
            "B": " 儿童娱乐场所。",
            "C": " 学校地带，所有车辆必须停车。"
        },
        "name": "题库 2 Question 19",
        "imgName": "题库 2_19.jpg",
        "answer": "A"
    },
    {
        "question": {
            "A": " 放慢行驶，留心老人过马路",
            "B": " 乐龄人士地带",
            "C": " 老人院"
        },
        "name": "题库 2 Question 20",
        "imgName": "题库 2_20.jpg",
        "answer": "A"
    },
    {
        "question": {
            "A": " 道路通向码头，河岸或大海，停车并作U转",
            "B": " 道路不平坦",
            "C": " 车子抛锚"
        },
        "name": "题库 2 Question 21",
        "imgName": "题库 2_21.jpg",
        "answer": "A"
    },
    {
        "question": {
            "A": " 司机在恶劣的环境下不必付费",
            "B": " 不必付费就可以进入闸门",
            "C": " 司机必须付电子收费才可以进入闸门"
        },
        "name": "题库 2 Question 22",
        "imgName": "题库 2_22.jpg",
        "answer": "C"
    },
    {
        "question": {
            "A": " 加快速度",
            "B": " 放慢速度",
            "C": " 马上停车"
        },
        "name": "题库 2 Question 23",
        "imgName": "题库 2_23.jpg",
        "answer": "B"
    },
    {
        "question": {
            "A": " 检车车速然后U转",
            "B": " 将车子停下后再开动",
            "C": " 行驶在速度的限制范围内"
        },
        "name": "题库 2 Question 24",
        "imgName": "题库 2_24.jpg",
        "answer": "C"
    },
    {
        "question": {
            "A": " 靠左边行驶，把最右边的车道供越车使用",
            "B": " 用右边车道越车",
            "C": " 靠左边行驶，不可超车"
        },
        "name": "题库 2 Question 25",
        "imgName": "题库 2_25.jpg",
        "answer": "A"
    },
    {
        "question": {
            "A": " 放慢速度，留意障碍物",
            "B": " 放慢行驶，在障碍物前停车",
            "C": " 在障碍物60米前进行U 转"
        },
        "name": "题库 2 Question 26",
        "imgName": "题库 2_26.jpg",
        "answer": "A"
    },
    {
        "question": {
            "A": " 让路给来自右边的车辆",
            "B": " 让路给来自左边的车辆",
            "C": " 按交替顺序从两条车道驶来的车辆有权先驶入单程车道"
        },
        "name": "题库 2 Question 27",
        "imgName": "题库 2_27.jpg",
        "answer": "C"
    },
    {
        "question": {
            "A": " 在改道标志前50米做U 转",
            "B": " 加快速度准备改道",
            "C": " 放慢速度并准备再前方50米处改道"
        },
        "name": "题库 2 Question 28",
        "imgName": "题库 2_28.jpg",
        "answer": "C"
    },
    {
        "question": {
            "A": " 转向右边",
            "B": " 根据箭头的指示方向改道",
            "C": " 放慢速度"
        },
        "name": "题库 2 Question 29",
        "imgName": "题库 2_29.jpg",
        "answer": "B"
    },
    {
        "question": {
            "A": " 靠左边行驶。",
            "B": " 立刻转换到左边。",
            "C": " 放慢车速，沿着箭头的方向行驶。"
        },
        "name": "题库 2 Question 30",
        "imgName": "题库 2_30.jpg",
        "answer": "C"
    },
    {
        "question": {
            "A": " 斑马线过道。",
            "B": " 危险地区，停车并回头。",
            "C": " 放慢车速，小心行驶。"
        },
        "name": "题库 2 Question 31",
        "imgName": "题库 2_31.jpg",
        "answer": "C"
    },
    {
        "question": {
            "A": " 车辆抛锚停泊处。",
            "B": " 车辆停泊处。",
            "C": " 乘客停泊处。"
        },
        "name": "题库 2 Question 32",
        "imgName": "题库 2_32.jpg",
        "answer": "B"
    },
    {
        "question": {
            "A": " 罗里停泊处。",
            "B": " 乘客等待处。",
            "C": " 公共巴士停泊处。"
        },
        "name": "题库 2 Question 33",
        "imgName": "题库 2_33.jpg",
        "answer": "A"
    },
    {
        "question": {
            "A": " 右边有停车位。",
            "B": " 右边道路不通。",
            "C": " T型路口。"
        },
        "name": "题库 2 Question 34",
        "imgName": "题库 2_34.jpg",
        "answer": "B"
    },
    {
        "question": {
            "A": " 前方道路即将停止。",
            "B": " 在道路终端做'U'转弯",
            "C": " 前方不远处有停车位。"
        },
        "name": "题库 2 Question 35",
        "imgName": "题库 2_35.jpg",
        "answer": "A"
    },
    {
        "question": {
            "A": " 除了巴士车辆外，任何车辆不准在车站任何9公尺内停车。",
            "B": " 若车站内无巴士车，车辆的乘客可以下车。",
            "C": " 若无阻碍到巴士，车辆的乘客可下车。"
        },
        "name": "题库 2 Question 36",
        "imgName": "题库 2_36.jpg",
        "answer": "A"
    },
    {
        "question": {
            "A": " 搭客只能在指定时间内等候德士",
            "B": " 私家车可以在德士站载乘客",
            "C": " 所有车辆都可以在此起卸乘客"
        },
        "name": "题库 2 Question 37",
        "imgName": "题库 2_37.jpg",
        "answer": "A"
    },
    {
        "question": {
            "A": " 所有车辆都可以在德士站等候",
            "B": " 只允许6辆德士在此停车",
            "C": " 残障司机可以在此停车"
        },
        "name": "题库 2 Question 38",
        "imgName": "题库 2_38.jpg",
        "answer": "B"
    },
    {
        "question": {
            "A": " 车内所有镜子所看不到的范围",
            "B": " 望后镜所看不到的范围",
            "C": " 侧镜所看不到的范围"
        },
        "name": "题库 2 Question 39",
        "imgName": "",
        "answer": "A"
    },
    {
        "question": {
            "A": " 在迎面而来的 车辆之前精心U 转",
            "B": " 车辆应在指示牌后进行U转",
            "C": " 车辆应在指示牌前进行U转"
        },
        "name": "题库 2 Question 40",
        "imgName": "题库 2_40.jpg",
        "answer": "B"
    }
]
