[
    {
        "question": {
            "A": " 2-3秒",
            "B": " 10-13秒",
            "C": " 5-10秒"
        },
        "name": "题库 6 Question 1",
        "imgName": "",
        "questionStr": "1. 相隔多久你会观察往望后镜",
        "answer": "C"
    },
    {
        "question": {
            "A": " 将头转过去看过你的肩膀的地方",
            "B": " 将眼睛左右转动",
            "C": " 看左与看右"
        },
        "name": "题库 6 Question 2",
        "imgName": "",
        "questionStr": "2. 怎样观察盲点？",
        "answer": "A"
    },
    {
        "question": {
            "A": " 你看不到前面车辆之前的景物",
            "B": " 若前面的车辆突然刹车而造成车祸",
            "C": " 会造成前面司机紧张"
        },
        "name": "题库 6 Question 3",
        "imgName": "",
        "questionStr": "3. 尾随前面的车辆太近会造成危险因为",
        "answer": "B"
    },
    {
        "question": {
            "A": " 促进公路上交通的顺畅",
            "B": " 较少交通拥挤",
            "C": " 保持公路上车辆间的安全距离"
        },
        "name": "题库 6 Question 4",
        "imgName": "",
        "questionStr": "4. ”辆秒钟“规则是",
        "answer": "C"
    },
    {
        "question": {
            "A": " 当道路上没有其他的车辆",
            "B": " 当道路上有交通警察",
            "C": " 司机不应该从小路退入大路因为这将造成车祸"
        },
        "name": "题库 6 Question 5",
        "imgName": "",
        "questionStr": "5. 什么时候司机可以从小路退到大路？",
        "answer": "C"
    },
    {
        "question": {
            "A": " 增加就算装上新的轮胎",
            "B": " 照旧一样",
            "C": " 减少当装上新的轮胎"
        },
        "name": "题库 6 Question 6",
        "imgName": "",
        "questionStr": "6. 下雨天，车辆的刹车距离会",
        "answer": "A"
    },
    {
        "question": {
            "A": " 增加",
            "B": " 减少",
            "C": " 保持不变"
        },
        "name": "题库 6 Question 7",
        "imgName": "",
        "questionStr": "7. 当轮胎齿轮减少，停车距离要",
        "answer": "A"
    },
    {
        "question": {
            "A": " 采用紧急刹车来弄干刹车皮带",
            "B": " 将车辆停下用纸巾将刹车皮带檫干",
            "C": " 重复踩踏刹车器来弄干刹车皮带"
        },
        "name": "题库 6 Question 8",
        "imgName": "",
        "questionStr": "8. 当司机驶过淹水地带而刹车器失灵时",
        "answer": "C"
    },
    {
        "question": {
            "A": " 使司机避免意外发生",
            "B": " 使司机避免受伤",
            "C": " 使车辆免于损坏"
        },
        "name": "题库 6 Question 9",
        "imgName": "",
        "questionStr": "9. 绑上安全带会",
        "answer": "B"
    },
    {
        "question": {
            "A": " 可以，因为您有两周的时间来更新",
            "B": " 不可以，以为是犯法的",
            "C": " 绝对不可以"
        },
        "name": "题库 6 Question 10",
        "imgName": "",
        "questionStr": "10. 临时驾驶执照逾期一天，可否继续驾驶？",
        "answer": "B"
    },
    {
        "question": {
            "A": " 将车辆安全地驶到路边，启动危险信号灯才接电话",
            "B": " 立刻在路边停车，马上回电",
            "C": " 若交通顺畅，拿起手机马上回电"
        },
        "name": "题库 6 Question 11",
        "imgName": "",
        "questionStr": "11. 驾驶车辆时，如果手机响了电话却没有装配耳机，司机应该",
        "answer": "A"
    },
    {
        "question": {
            "A": " 高血压",
            "B": " 糖尿病",
            "C": " 发羊癫"
        },
        "name": "题库 6 Question 12",
        "imgName": "",
        "questionStr": "12. 司机如果患上______便不能驾车？",
        "answer": "C"
    },
    {
        "question": {
            "A": " 古董老爷车",
            "B": " 载货货车",
            "C": " ”L“ 牌学习驾驶车辆"
        },
        "name": "题库 6 Question 13",
        "imgName": "",
        "questionStr": "13. 哪一种车辆不被允许在快速公路上出现？",
        "answer": "C"
    },
    {
        "question": {
            "A": " 快速公路上",
            "B": " 任何的车速",
            "C": " 只用在开快车时"
        },
        "name": "题库 6 Question 14",
        "imgName": "",
        "questionStr": "14. ”两秒钟“的准则是用在：",
        "answer": "B"
    },
    {
        "question": {
            "A": " 出示讯号灯，马上停车",
            "B": " 查看望后镜与盲点然后停车",
            "C": " 使用间歇性停车"
        },
        "name": "题库 6 Question 15",
        "imgName": "",
        "questionStr": "15. 当你要将车子停在路边时",
        "answer": "B"
    },
    {
        "question": {
            "A": " 只准许乘客立即上下车辆",
            "B": " 准许车辆等候",
            "C": " 准许停泊车辆"
        },
        "name": "题库 6 Question 16",
        "imgName": "",
        "questionStr": "16. 路旁的锯齿形单黄线是表示”",
        "answer": "A"
    },
    {
        "question": {
            "A": " 右转车辆准备停车",
            "B": " 继续右转",
            "C": " 交通灯失灵，立刻停车 "
        },
        "name": "题库 6 Question 17",
        "imgName": "题库 6_17.jpg",
        "questionStr": "17. 图，此图表示：",
        "answer": "A"
    },
    {
        "question": {
            "A": " A车须停，让B车与C车先行",
            "B": " B车须停，让A车与C车先行",
            "C": " C车须停，让A车与B车先行"
        },
        "name": "题库 6 Question 18",
        "imgName": "题库 6_18.jpg",
        "questionStr": "18. 图，此图表示：",
        "answer": "A"
    },
    {
        "question": {
            "A": " A车先慢行，再继续行驶",
            "B": " A 车应停车，然后再行驶",
            "C": " A车像平时一样行驶"
        },
        "name": "题库 6 Question 19",
        "imgName": "题库 6_19.jpg",
        "questionStr": "19. 图，此图表示：",
        "answer": "A"
    },
    {
        "question": {
            "A": " 放慢车速，准备停车",
            "B": " 立刻停车",
            "C": " 交通车失灵了"
        },
        "name": "题库 6 Question 20",
        "imgName": "",
        "questionStr": "20. 当红色交通灯闪烁时，司机应”",
        "answer": "C"
    },
    {
        "question": {
            "A": " 行人过道，不准停泊",
            "B": " 可以停泊车辆",
            "C": " 可以停车等候"
        },
        "name": "题库 6 Question 21",
        "imgName": "题库 6_21.jpg",
        "questionStr": "21. 图，此图表示：",
        "answer": "A"
    },
    {
        "question": {
            "A": " 当与迎面而来的车辆距离太近时",
            "B": " 当要超越其他车辆时",
            "C": " 慢速行驶时"
        },
        "name": "题库 6 Question 22",
        "imgName": "",
        "questionStr": "22. 司机应在什么时候调低车头灯？",
        "answer": "A"
    },
    {
        "question": {
            "A": " 调低车头大灯",
            "B": " 调高车头大灯",
            "C": " 关掉车头大灯"
        },
        "name": "题库 6 Question 23",
        "imgName": "",
        "questionStr": "23. 当你在其他车辆后面行驶时，你应该",
        "answer": "A"
    },
    {
        "question": {
            "A": " 减慢车速后才继续行驶",
            "B": " 在白线前停车然后才继续行驶",
            "C": " 继续往前行驶"
        },
        "name": "题库 6 Question 24",
        "imgName": "题库 6_24.jpg",
        "questionStr": "24. 图，当车子驶近白线时，司机应该",
        "answer": "B"
    },
    {
        "question": {
            "A": " 右转车辆准备停车",
            "B": " 车辆可以继续右转",
            "C": " 交通灯失灵"
        },
        "name": "题库 6 Question 25",
        "imgName": "题库 6_25.jpg",
        "questionStr": "25. 图，此图表示：",
        "answer": "C"
    },
    {
        "question": {
            "A": " 3",
            "B": " 6",
            "C": " 9"
        },
        "name": "题库 6 Question 26",
        "imgName": "",
        "questionStr": "26. 车辆不可以在消防栓范围内_____米停泊",
        "answer": "A"
    },
    {
        "question": {
            "A": " 危险讯号灯",
            "B": " 车头大灯",
            "C": " 讯号灯"
        },
        "name": "题库 6 Question 27",
        "imgName": "",
        "questionStr": "27. 在倾盆大雨中行驶时，你应该启动",
        "answer": "B"
    },
    {
        "question": {
            "A": " 不要开亮车头灯以免干扰其他司机",
            "B": " 开亮车头大灯来引起其他司机的注意",
            "C": " 把车头大灯关掉来节省汽油"
        },
        "name": "题库 6 Question 28",
        "imgName": "",
        "questionStr": "28. 在大雨中行驶时，你应该",
        "answer": "B"
    },
    {
        "question": {
            "A": " 司机可能醉酒驾车",
            "B": " 可能是马路滑湿",
            "C": " 可能是交通阻塞"
        },
        "name": "题库 6 Question 29",
        "imgName": "",
        "questionStr": "29. 如果车辆在行驶时摇摆不定，",
        "answer": "A"
    },
    {
        "question": {
            "A": " 20米",
            "B": " 40米",
            "C": " 60米"
        },
        "name": "题库 6 Question 30",
        "imgName": "",
        "questionStr": "30. 反光警告牌应放置离抛锚车辆后至少",
        "answer": "A"
    },
    {
        "question": {
            "A": " 调换后退排挡",
            "B": " 调换低排挡",
            "C": " 调换空排挡"
        },
        "name": "题库 6 Question 31",
        "imgName": "",
        "questionStr": "31. 车辆向下斜坡方向停泊时，司机应该",
        "answer": "A"
    },
    {
        "question": {
            "A": " 车辆左右摇摆",
            "B": " 浪费汽油",
            "C": " 损坏轮胎"
        },
        "name": "题库 6 Question 32",
        "imgName": "",
        "questionStr": "32. 驾驶盘松脱会造成",
        "answer": "A"
    },
    {
        "question": {
            "A": " 反复踩踏刹车器来出去水分",
            "B": " 拉上手拉制动器",
            "C": " 用布来抹干刹车磨檫器的多余水分"
        },
        "name": "题库 6 Question 33",
        "imgName": "",
        "questionStr": "33. 车辆驶过积水处，刹车摩擦器应被水渗透而无法正常操作，司机应该 ",
        "answer": "A"
    },
    {
        "question": {
            "A": " 任何时候都不可以从左边超车",
            "B": " 当交通阻塞或缓慢行驶时，你可以利用左边车道超车",
            "C": " 只要马路状况良好，你就可以从左边超车"
        },
        "name": "题库 6 Question 34",
        "imgName": "",
        "questionStr": "34. 当你在左边车道行驶时，",
        "answer": "A"
    },
    {
        "question": {
            "A": " 任何时间",
            "B": " 只有在造成交通阻塞时",
            "C": " 当司机处在危险状况下"
        },
        "name": "题库 6 Question 35",
        "imgName": "题库 6_35.jpg",
        "questionStr": "35. 锁轮标志在什么时候生效？",
        "answer": "A"
    },
    {
        "question": {
            "A": " 车身净量不超过2500公斤",
            "B": " 车身净量不超过3500公斤",
            "C": " 车身净量不超过1500公斤"
        },
        "name": "题库 6 Question 36",
        "imgName": "",
        "questionStr": "36. 第三极合格司机能驾驶的车子是",
        "answer": "A"
    },
    {
        "question": {
            "A": " 超车",
            "B": " 开快车",
            "C": " 让快速行驶的车辆行驶的"
        },
        "name": "题库 6 Question 37",
        "imgName": "",
        "questionStr": "37. 右边车道是用来",
        "answer": "A"
    },
    {
        "question": {
            "A": " 你要转左",
            "B": " 交通拥挤",
            "C": " 较少交通意外"
        },
        "name": "题库 6 Question 38",
        "imgName": "",
        "questionStr": "38. 驶近路口时从左边超车是因为",
        "answer": "A"
    },
    {
        "question": {
            "A": " 只有公交巴士可以前进",
            "B": " 停车",
            "C": " 不准进入"
        },
        "name": "题库 6 Question 39",
        "imgName": "题库 6_39.jpg",
        "questionStr": "39. 图，绿色B",
        "answer": "A"
    },
    {
        "question": {
            "A": " 必须",
            "B": " 不需要",
            "C": " 不可以"
        },
        "name": "题库 6 Question 40",
        "imgName": "",
        "questionStr": "40. 晚上七点与早上七点您____开车头灯与尾灯",
        "answer": "A"
    }
]
